<?xml version="1.0"?>
<testsuite name="Chrome Headless 112.0.5614.0 (Linux x86_64)" package="" timestamp="2025-02-10T16:28:31" id="0" hostname="ip-172-31-9-239" tests="26" errors="0" failures="12" time="0.344">
  <properties>
    <property name="browser.fullName" value="Mozilla/5.0 (X11; Linux x86_64) AppleWebKit/537.36 (KHTML, like Gecko) HeadlessChrome/112.0.5614.0 Safari/537.36"/>
  </properties>
  <testcase name="AuthInterceptorInterceptor should be created" time="0.015" classname="Chrome_Headless_112_0_5614_0_(Linux_x86_64).AuthInterceptorInterceptor"/>
  <testcase name="AddResourceComponent should require name field" time="0.057" classname="Chrome_Headless_112_0_5614_0_(Linux_x86_64).AddResourceComponent"/>
  <testcase name="AddResourceComponent should require type field" time="0.01" classname="Chrome_Headless_112_0_5614_0_(Linux_x86_64).AddResourceComponent"/>
  <testcase name="AddResourceComponent should require availability field1" time="0.008" classname="Chrome_Headless_112_0_5614_0_(Linux_x86_64).AddResourceComponent"/>
  <testcase name="CreateEventComponent should validate form fields" time="0.017" classname="Chrome_Headless_112_0_5614_0_(Linux_x86_64).CreateEventComponent"/>
  <testcase name="CreateEventComponent should validate form fields as invalid" time="0.015" classname="Chrome_Headless_112_0_5614_0_(Linux_x86_64).CreateEventComponent"/>
  <testcase name="HttpService should be created" time="0.003" classname="Chrome_Headless_112_0_5614_0_(Linux_x86_64).HttpService"/>
  <testcase name="HttpService should get booking details" time="0.005" classname="Chrome_Headless_112_0_5614_0_(Linux_x86_64).HttpService">
    <failure type="">Expected null to be 'application/json'.
    at &lt;Jasmine&gt;
    at UserContext.apply (src/tests/http.service.spec.ts:43:53)
    at _ZoneDelegate.invoke (node_modules/zone.js/fesm2015/zone.js:372:26)
    at ProxyZoneSpec.onInvoke (node_modules/zone.js/fesm2015/zone-testing.js:287:39)
    at _ZoneDelegate.invoke (node_modules/zone.js/fesm2015/zone.js:371:52)
</failure>
    <failure type="">Expected null to be 'Bearer mockToken'.
    at &lt;Jasmine&gt;
    at UserContext.apply (src/tests/http.service.spec.ts:44:54)
    at _ZoneDelegate.invoke (node_modules/zone.js/fesm2015/zone.js:372:26)
    at ProxyZoneSpec.onInvoke (node_modules/zone.js/fesm2015/zone-testing.js:287:39)
    at _ZoneDelegate.invoke (node_modules/zone.js/fesm2015/zone.js:371:52)
</failure>
  </testcase>
  <testcase name="HttpService should get event details" time="0.005" classname="Chrome_Headless_112_0_5614_0_(Linux_x86_64).HttpService">
    <failure type="">Error: Expected one matching request for criteria "Match URL: http://localhost:9876/proxy/5000/api/staff/event-details/123", found none. Requests received are: GET http://localhost:9876/proxy/5000//api/staff/event-details/123.
    at HttpClientTestingBackend.expectOne (node_modules/@angular/common/fesm2020/http/testing.mjs:288:19)
    at UserContext.apply (src/tests/http.service.spec.ts:56:26)
    at _ZoneDelegate.invoke (node_modules/zone.js/fesm2015/zone.js:372:26)
    at ProxyZoneSpec.onInvoke (node_modules/zone.js/fesm2015/zone-testing.js:287:39)
    at _ZoneDelegate.invoke (node_modules/zone.js/fesm2015/zone.js:371:52)
    at Zone.run (node_modules/zone.js/fesm2015/zone.js:134:43)
    at runInTestZone (node_modules/zone.js/fesm2015/zone-testing.js:582:34)
    at UserContext.&lt;anonymous&gt; (node_modules/zone.js/fesm2015/zone-testing.js:597:20)
    at &lt;Jasmine&gt;
</failure>
    <failure type="">Error: Expected no open requests, found 1: GET http://localhost:9876/proxy/5000//api/staff/event-details/123
    at HttpClientTestingBackend.verify (node_modules/@angular/common/fesm2020/http/testing.mjs:316:19)
    at UserContext.apply (src/tests/http.service.spec.ts:26:14)
    at _ZoneDelegate.invoke (node_modules/zone.js/fesm2015/zone.js:372:26)
    at ProxyZoneSpec.onInvoke (node_modules/zone.js/fesm2015/zone-testing.js:287:39)
    at _ZoneDelegate.invoke (node_modules/zone.js/fesm2015/zone.js:371:52)
    at Zone.run (node_modules/zone.js/fesm2015/zone.js:134:43)
    at runInTestZone (node_modules/zone.js/fesm2015/zone-testing.js:582:34)
    at UserContext.&lt;anonymous&gt; (node_modules/zone.js/fesm2015/zone-testing.js:597:20)
    at &lt;Jasmine&gt;
</failure>
  </testcase>
  <testcase name="HttpService should get all events" time="0.003" classname="Chrome_Headless_112_0_5614_0_(Linux_x86_64).HttpService">
    <failure type="">Expected null to be 'application/json'.
    at &lt;Jasmine&gt;
    at UserContext.apply (src/tests/http.service.spec.ts:72:53)
    at _ZoneDelegate.invoke (node_modules/zone.js/fesm2015/zone.js:372:26)
    at ProxyZoneSpec.onInvoke (node_modules/zone.js/fesm2015/zone-testing.js:287:39)
    at _ZoneDelegate.invoke (node_modules/zone.js/fesm2015/zone.js:371:52)
</failure>
    <failure type="">Expected null to be 'Bearer mockToken'.
    at &lt;Jasmine&gt;
    at UserContext.apply (src/tests/http.service.spec.ts:73:54)
    at _ZoneDelegate.invoke (node_modules/zone.js/fesm2015/zone.js:372:26)
    at ProxyZoneSpec.onInvoke (node_modules/zone.js/fesm2015/zone-testing.js:287:39)
    at _ZoneDelegate.invoke (node_modules/zone.js/fesm2015/zone.js:371:52)
</failure>
  </testcase>
  <testcase name="HttpService should get all resources" time="0.003" classname="Chrome_Headless_112_0_5614_0_(Linux_x86_64).HttpService">
    <failure type="">Expected null to be 'application/json'.
    at &lt;Jasmine&gt;
    at UserContext.apply (src/tests/http.service.spec.ts:86:53)
    at _ZoneDelegate.invoke (node_modules/zone.js/fesm2015/zone.js:372:26)
    at ProxyZoneSpec.onInvoke (node_modules/zone.js/fesm2015/zone-testing.js:287:39)
    at _ZoneDelegate.invoke (node_modules/zone.js/fesm2015/zone.js:371:52)
</failure>
    <failure type="">Expected null to be 'Bearer mockToken'.
    at &lt;Jasmine&gt;
    at UserContext.apply (src/tests/http.service.spec.ts:87:54)
    at _ZoneDelegate.invoke (node_modules/zone.js/fesm2015/zone.js:372:26)
    at ProxyZoneSpec.onInvoke (node_modules/zone.js/fesm2015/zone-testing.js:287:39)
    at _ZoneDelegate.invoke (node_modules/zone.js/fesm2015/zone.js:371:52)
</failure>
  </testcase>
  <testcase name="HttpService should create event" time="0.005" classname="Chrome_Headless_112_0_5614_0_(Linux_x86_64).HttpService">
    <failure type="">Expected null to be 'application/json'.
    at &lt;Jasmine&gt;
    at UserContext.apply (src/tests/http.service.spec.ts:102:53)
    at _ZoneDelegate.invoke (node_modules/zone.js/fesm2015/zone.js:372:26)
    at ProxyZoneSpec.onInvoke (node_modules/zone.js/fesm2015/zone-testing.js:287:39)
    at _ZoneDelegate.invoke (node_modules/zone.js/fesm2015/zone.js:371:52)
</failure>
    <failure type="">Expected null to be 'Bearer mockToken'.
    at &lt;Jasmine&gt;
    at UserContext.apply (src/tests/http.service.spec.ts:103:54)
    at _ZoneDelegate.invoke (node_modules/zone.js/fesm2015/zone.js:372:26)
    at ProxyZoneSpec.onInvoke (node_modules/zone.js/fesm2015/zone-testing.js:287:39)
    at _ZoneDelegate.invoke (node_modules/zone.js/fesm2015/zone.js:371:52)
</failure>
  </testcase>
  <testcase name="HttpService should update event" time="0.004" classname="Chrome_Headless_112_0_5614_0_(Linux_x86_64).HttpService">
    <failure type="">Error: Expected one matching request for criteria "Match URL: http://localhost:9876/proxy/5000/api/staff/update-setup/123", found none. Requests received are: POST http://localhost:9876/proxy/5000/api/staff/update-setup/[object Object].
    at HttpClientTestingBackend.expectOne (node_modules/@angular/common/fesm2020/http/testing.mjs:288:19)
    at UserContext.apply (src/tests/http.service.spec.ts:117:26)
    at _ZoneDelegate.invoke (node_modules/zone.js/fesm2015/zone.js:372:26)
    at ProxyZoneSpec.onInvoke (node_modules/zone.js/fesm2015/zone-testing.js:287:39)
    at _ZoneDelegate.invoke (node_modules/zone.js/fesm2015/zone.js:371:52)
    at Zone.run (node_modules/zone.js/fesm2015/zone.js:134:43)
    at runInTestZone (node_modules/zone.js/fesm2015/zone-testing.js:582:34)
    at UserContext.&lt;anonymous&gt; (node_modules/zone.js/fesm2015/zone-testing.js:597:20)
    at &lt;Jasmine&gt;
</failure>
    <failure type="">Error: Expected no open requests, found 1: POST http://localhost:9876/proxy/5000/api/staff/update-setup/[object Object]
    at HttpClientTestingBackend.verify (node_modules/@angular/common/fesm2020/http/testing.mjs:316:19)
    at UserContext.apply (src/tests/http.service.spec.ts:26:14)
    at _ZoneDelegate.invoke (node_modules/zone.js/fesm2015/zone.js:372:26)
    at ProxyZoneSpec.onInvoke (node_modules/zone.js/fesm2015/zone-testing.js:287:39)
    at _ZoneDelegate.invoke (node_modules/zone.js/fesm2015/zone.js:371:52)
    at Zone.run (node_modules/zone.js/fesm2015/zone.js:134:43)
    at runInTestZone (node_modules/zone.js/fesm2015/zone-testing.js:582:34)
    at UserContext.&lt;anonymous&gt; (node_modules/zone.js/fesm2015/zone-testing.js:597:20)
    at &lt;Jasmine&gt;
</failure>
  </testcase>
  <testcase name="HttpService should add resource" time="0.003" classname="Chrome_Headless_112_0_5614_0_(Linux_x86_64).HttpService">
    <failure type="">Expected null to be 'application/json'.
    at &lt;Jasmine&gt;
    at UserContext.apply (src/tests/http.service.spec.ts:135:53)
    at _ZoneDelegate.invoke (node_modules/zone.js/fesm2015/zone.js:372:26)
    at ProxyZoneSpec.onInvoke (node_modules/zone.js/fesm2015/zone-testing.js:287:39)
    at _ZoneDelegate.invoke (node_modules/zone.js/fesm2015/zone.js:371:52)
</failure>
    <failure type="">Expected null to be 'Bearer mockToken'.
    at &lt;Jasmine&gt;
    at UserContext.apply (src/tests/http.service.spec.ts:136:54)
    at _ZoneDelegate.invoke (node_modules/zone.js/fesm2015/zone.js:372:26)
    at ProxyZoneSpec.onInvoke (node_modules/zone.js/fesm2015/zone-testing.js:287:39)
    at _ZoneDelegate.invoke (node_modules/zone.js/fesm2015/zone.js:371:52)
</failure>
  </testcase>
  <testcase name="HttpService should allocate resources" time="0.003" classname="Chrome_Headless_112_0_5614_0_(Linux_x86_64).HttpService">
    <failure type="">Error: Expected one matching request for criteria "Match URL: http://localhost:9876/proxy/5000/api/planner/allocate-resources?eventId=123&amp;resourceId=456", found none. Requests received are: POST http://localhost:9876/proxy/5000/api/planner/allocate-resources?eventID=123?resourceID=456.
    at HttpClientTestingBackend.expectOne (node_modules/@angular/common/fesm2020/http/testing.mjs:288:19)
    at UserContext.apply (src/tests/http.service.spec.ts:151:26)
    at _ZoneDelegate.invoke (node_modules/zone.js/fesm2015/zone.js:372:26)
    at ProxyZoneSpec.onInvoke (node_modules/zone.js/fesm2015/zone-testing.js:287:39)
    at _ZoneDelegate.invoke (node_modules/zone.js/fesm2015/zone.js:371:52)
    at Zone.run (node_modules/zone.js/fesm2015/zone.js:134:43)
    at runInTestZone (node_modules/zone.js/fesm2015/zone-testing.js:582:34)
    at UserContext.&lt;anonymous&gt; (node_modules/zone.js/fesm2015/zone-testing.js:597:20)
    at &lt;Jasmine&gt;
</failure>
    <failure type="">Error: Expected no open requests, found 1: POST http://localhost:9876/proxy/5000/api/planner/allocate-resources?eventID=123?resourceID=456
    at HttpClientTestingBackend.verify (node_modules/@angular/common/fesm2020/http/testing.mjs:316:19)
    at UserContext.apply (src/tests/http.service.spec.ts:26:14)
    at _ZoneDelegate.invoke (node_modules/zone.js/fesm2015/zone.js:372:26)
    at ProxyZoneSpec.onInvoke (node_modules/zone.js/fesm2015/zone-testing.js:287:39)
    at _ZoneDelegate.invoke (node_modules/zone.js/fesm2015/zone.js:371:52)
    at Zone.run (node_modules/zone.js/fesm2015/zone.js:134:43)
    at runInTestZone (node_modules/zone.js/fesm2015/zone-testing.js:582:34)
    at UserContext.&lt;anonymous&gt; (node_modules/zone.js/fesm2015/zone-testing.js:597:20)
    at &lt;Jasmine&gt;
</failure>
  </testcase>
  <testcase name="HttpService should login" time="0.003" classname="Chrome_Headless_112_0_5614_0_(Linux_x86_64).HttpService">
    <failure type="">Expected null to be 'application/json'.
    at &lt;Jasmine&gt;
    at UserContext.apply (src/tests/http.service.spec.ts:169:53)
    at _ZoneDelegate.invoke (node_modules/zone.js/fesm2015/zone.js:372:26)
    at ProxyZoneSpec.onInvoke (node_modules/zone.js/fesm2015/zone-testing.js:287:39)
    at _ZoneDelegate.invoke (node_modules/zone.js/fesm2015/zone.js:371:52)
</failure>
  </testcase>
  <testcase name="HttpService should register user" time="0.005" classname="Chrome_Headless_112_0_5614_0_(Linux_x86_64).HttpService">
    <failure type="">Expected null to be 'application/json'.
    at &lt;Jasmine&gt;
    at UserContext.apply (src/tests/http.service.spec.ts:183:53)
    at _ZoneDelegate.invoke (node_modules/zone.js/fesm2015/zone.js:372:26)
    at ProxyZoneSpec.onInvoke (node_modules/zone.js/fesm2015/zone-testing.js:287:39)
    at _ZoneDelegate.invoke (node_modules/zone.js/fesm2015/zone.js:371:52)
</failure>
  </testcase>
  <testcase name="LoginComponent should have invalid form if username and password are empty" time="0.022" classname="Chrome_Headless_112_0_5614_0_(Linux_x86_64).LoginComponent"/>
  <testcase name="LoginComponent should have invalid form if username or password is empty" time="0.006" classname="Chrome_Headless_112_0_5614_0_(Linux_x86_64).LoginComponent"/>
  <testcase name="LoginComponent should have valid form if username and password are provided" time="0.014" classname="Chrome_Headless_112_0_5614_0_(Linux_x86_64).LoginComponent"/>
  <testcase name="RegistrationComponent should have invalid form if any field is empty" time="0.022" classname="Chrome_Headless_112_0_5614_0_(Linux_x86_64).RegistrationComponent"/>
  <testcase name="RegistrationComponent should have invalid form if email is invalid" time="0.022" classname="Chrome_Headless_112_0_5614_0_(Linux_x86_64).RegistrationComponent"/>
  <testcase name="RegistrationComponent should have valid form if all fields are filled correctly" time="0.009" classname="Chrome_Headless_112_0_5614_0_(Linux_x86_64).RegistrationComponent"/>
  <testcase name="ResourceAllocateComponent should validate form fields as invalid when quantity is empty" time="0.042" classname="Chrome_Headless_112_0_5614_0_(Linux_x86_64).ResourceAllocateComponent"/>
  <testcase name="ViewEventsComponent should validate form fields as invalid when title is empty" time="0.029" classname="Chrome_Headless_112_0_5614_0_(Linux_x86_64).ViewEventsComponent">
    <failure type="">Expected true to be falsy.
    at &lt;Jasmine&gt;
    at UserContext.apply (src/tests/view-events.component.spec.ts:40:38)
    at UserContext.apply (node_modules/zone.js/fesm2015/zone-testing.js:2030:30)
    at _ZoneDelegate.invoke (node_modules/zone.js/fesm2015/zone.js:372:26)
    at ProxyZoneSpec.onInvoke (node_modules/zone.js/fesm2015/zone-testing.js:287:39)
</failure>
  </testcase>
  <testcase name="ViewEventsComponent should validate form fields as invalid when description is empty" time="0.014" classname="Chrome_Headless_112_0_5614_0_(Linux_x86_64).ViewEventsComponent">
    <failure type="">Expected true to be falsy.
    at &lt;Jasmine&gt;
    at UserContext.apply (src/tests/view-events.component.spec.ts:57:38)
    at UserContext.apply (node_modules/zone.js/fesm2015/zone-testing.js:2030:30)
    at _ZoneDelegate.invoke (node_modules/zone.js/fesm2015/zone.js:372:26)
    at ProxyZoneSpec.onInvoke (node_modules/zone.js/fesm2015/zone-testing.js:287:39)
</failure>
  </testcase>
  <system-out>
    <![CDATA[Chrome Headless 112.0.5614.0 (Linux x86_64) LOG: 'http://localhost:9876/proxy/5000'
,Chrome Headless 112.0.5614.0 (Linux x86_64) LOG: Object{username: 'testuser', email: 'test@example.com', password: 'testpassword'}

]]>
  </system-out>
  <system-err/>
</testsuite>